<?xml version='1.0' encoding='UTF-8'?>
<testsuite hostname="renghen-Predator" name="org.lunatechlabs.dotty.sudoku.SudokuDetailProcessorSuite" tests="3" errors="0" failures="0" skipped="0" time="0.041" timestamp="2020-07-14T17:13:56">
                     <properties>
[...]
</properties>
                     <testcase classname="org.lunatechlabs.dotty.sudoku.SudokuDetailProcessorSuite" name="Sending no updates to a sudoku detail processor should result in sending a SudokuDetailUnchanged messsage" time="0.032">
                                                 
                                               </testcase><testcase classname="org.lunatechlabs.dotty.sudoku.SudokuDetailProcessorSuite" name="Sending an update to a fresh instance of the SudokuDetailProcessor that sets one cell to a single value should result in sending an update that reflects this update" time="0.003">
                                                 
                                               </testcase><testcase classname="org.lunatechlabs.dotty.sudoku.SudokuDetailProcessorSuite" name="Sending a series of subsequent Updates to a SudokuDetailProcessor should result in sending updates and ultimately return no changes" time="0.006">
                                                 
                                               </testcase>
                     <system-out><![CDATA[]]></system-out>
                     <system-err><![CDATA[]]></system-err>
                   </testsuite>