2020.07.14 11:29:05 INFO  started: Metals version 0.9.1 in workspace '/home/renghen/workspace/lunatech-course/lunatech-scala-2-to-scala3-course'
2020.07.14 11:29:06 INFO  time: initialize in 1.03s
2020.07.14 11:29:07 INFO  no build target: using presentation compiler with only scala-library
2020.07.14 11:29:09 INFO  running '/home/renghen/.sdkman/candidates/java/current/bin/java -Djline.terminal=jline.UnsupportedTerminal -Dsbt.log.noformat=true -Dfile.encoding=UTF-8 -Xmx4G -XX:+CMSClassUnloadingEnabled -Xss4M -Duser.timezone=GMT -jar /tmp/metals11099837921580194950/sbt-launch.jar -Dbloop.export-jar-classifiers=sources bloopInstall'
2020.07.14 11:29:10 INFO  skipping build import with status 'Started'
2020.07.14 11:29:15 INFO  [info] welcome to sbt 1.3.12 (AdoptOpenJDK Java 11.0.7)
2020.07.14 11:29:18 INFO  [info] loading settings for project lunatech-scala-2-to-scala3-course-build from lightbend.sbt,metals.sbt,plugins.sbt ...
2020.07.14 11:29:18 INFO  [info] loading project definition from /home/renghen/workspace/lunatech-course/lunatech-scala-2-to-scala3-course/project
2020.07.14 11:29:26 INFO  [warn] There may be incompatibilities among your library dependencies; run 'evicted' to see detailed eviction warnings.
2020.07.14 11:29:28 INFO  [info] Compiling 13 Scala sources to /home/renghen/workspace/lunatech-course/lunatech-scala-2-to-scala3-course/project/target/scala-2.12/sbt-1.0/classes ...
2020.07.14 11:29:33 INFO  [warn] there were two feature warnings; re-run with -feature for details
2020.07.14 11:29:33 INFO  [warn] one warning found
2020.07.14 11:29:33 INFO  [info] Done compiling.
2020.07.14 11:29:36 INFO  [info] loading settings for project scala-2-to-scala-3 from build.sbt ...
2020.07.14 11:29:36 INFO  [info] set current project to scala-2-to-scala-3 (in build file:/home/renghen/workspace/lunatech-course/lunatech-scala-2-to-scala3-course/)
2020.07.14 11:29:37 INFO  [info] set current project to exercises (in build file:/home/renghen/workspace/lunatech-course/lunatech-scala-2-to-scala3-course/)
2020.07.14 11:30:04 INFO  [success] Generated .bloop/common-test.json
2020.07.14 11:30:04 INFO  [success] Generated .bloop/common.json
2020.07.14 11:30:04 INFO  [success] Generated .bloop/scala-2-to-scala-3-test.json
2020.07.14 11:30:04 INFO  [success] Generated .bloop/scala-2-to-scala-3.json
2020.07.14 11:30:04 INFO  [success] Generated .bloop/exercises-test.json
2020.07.14 11:30:04 INFO  [success] Generated .bloop/exercises.json
2020.07.14 11:30:04 INFO  [success] Total time: 27 s, completed Jul 14, 2020, 7:30:04 AM
2020.07.14 11:30:06 INFO  build tool exit: 0
2020.07.14 11:30:06 INFO  time: ran 'sbt bloopInstall' in 56s
Starting the bsp launcher for bloop...
Opening a bsp server connection with 'bsp --protocol local --socket /tmp/bsp-launcher14634837225901639266/bsp.socket'...
Waiting for the bsp connection to come up...
Waiting for the bsp connection to come up...
Waiting for the bsp connection to come up...
Waiting for the bsp connection to come up...
Waiting for the bsp connection to come up...
Waiting for the bsp connection to come up...
Waiting for the bsp connection to come up...
Waiting for the bsp connection to come up...
Waiting for the bsp connection to come up...
Waiting for the bsp connection to come up...
Waiting for the bsp connection to come up...
No server running at 127.0.0.1:8212, let's fire one...
Resolving ch.epfl.scala:bloop-frontend_2.12:1.4.3...
Starting bloop server at 127.0.0.1:8212...
Java executable was not available on PATH, retrying with /home/renghen/.sdkman/candidates/java/current/bin/java
Starting bloop server at 127.0.0.1:8212...
Attempting a connection to the server...
Attempting a connection to the server...
Attempting a connection to the server...
Attempting a connection to the server...
Attempting a connection to the server...
[0m[32m[D][0m Loading 6 projects from '/home/renghen/workspace/lunatech-course/lunatech-scala-2-to-scala3-course/.bloop'...
[0m[32m[D][0m Loading project from '/home/renghen/workspace/lunatech-course/lunatech-scala-2-to-scala3-course/.bloop/common-test.json'
[0m[32m[D][0m Loading project from '/home/renghen/workspace/lunatech-course/lunatech-scala-2-to-scala3-course/.bloop/scala-2-to-scala-3-test.json'
[0m[32m[D][0m Loading project from '/home/renghen/workspace/lunatech-course/lunatech-scala-2-to-scala3-course/.bloop/common.json'
[0m[32m[D][0m Loading project from '/home/renghen/workspace/lunatech-course/lunatech-scala-2-to-scala3-course/.bloop/exercises.json'
[0m[32m[D][0m Loading project from '/home/renghen/workspace/lunatech-course/lunatech-scala-2-to-scala3-course/.bloop/exercises-test.json'
[0m[32m[D][0m Loading project from '/home/renghen/workspace/lunatech-course/lunatech-scala-2-to-scala3-course/.bloop/scala-2-to-scala-3.json'
[0m[32m[D][0m Cache miss for scala instance ch.epfl.lamp:scala-compiler:0.25.0-RC2.
[0m[32m[D][0m   => /home/renghen/.cache/coursier/v1/https/repo1.maven.org/maven2/ch/epfl/lamp/dotty-compiler_0.25/0.25.0-RC2/dotty-compiler_0.25-0.25.0-RC2.jar
[0m[32m[D][0m   => /home/renghen/.cache/coursier/v1/https/repo1.maven.org/maven2/ch/epfl/lamp/dotty-interfaces/0.25.0-RC2/dotty-interfaces-0.25.0-RC2.jar
[0m[32m[D][0m   => /home/renghen/.cache/coursier/v1/https/repo1.maven.org/maven2/ch/epfl/lamp/dotty-library_0.25/0.25.0-RC2/dotty-library_0.25-0.25.0-RC2.jar
[0m[32m[D][0m   => /home/renghen/.cache/coursier/v1/https/repo1.maven.org/maven2/ch/epfl/lamp/tasty-core_0.25/0.25.0-RC2/tasty-core_0.25-0.25.0-RC2.jar
[0m[32m[D][0m   => /home/renghen/.cache/coursier/v1/https/repo1.maven.org/maven2/net/java/dev/jna/jna/5.3.1/jna-5.3.1.jar
[0m[32m[D][0m   => /home/renghen/.cache/coursier/v1/https/repo1.maven.org/maven2/org/jline/jline-reader/3.15.0/jline-reader-3.15.0.jar
[0m[32m[D][0m   => /home/renghen/.cache/coursier/v1/https/repo1.maven.org/maven2/org/jline/jline-terminal-jna/3.15.0/jline-terminal-jna-3.15.0.jar
[0m[32m[D][0m   => /home/renghen/.cache/coursier/v1/https/repo1.maven.org/maven2/org/jline/jline-terminal/3.15.0/jline-terminal-3.15.0.jar
[0m[32m[D][0m   => /home/renghen/.cache/coursier/v1/https/repo1.maven.org/maven2/org/scala-lang/modules/scala-asm/7.3.1-scala-1/scala-asm-7.3.1-scala-1.jar
[0m[32m[D][0m   => /home/renghen/.cache/coursier/v1/https/repo1.maven.org/maven2/org/scala-lang/scala-library/2.13.2/scala-library-2.13.2.jar
[0m[32m[D][0m   => /home/renghen/.cache/coursier/v1/https/repo1.maven.org/maven2/org/scala-sbt/compiler-interface/1.2.5/compiler-interface-1.2.5.jar
[0m[32m[D][0m   => /home/renghen/.cache/coursier/v1/https/repo1.maven.org/maven2/org/scala-sbt/util-interface/1.2.2/util-interface-1.2.2.jar
[0m[32m[D][0m Missing analysis file for project 'scala-2-to-scala-3-test'
[0m[32m[D][0m Missing analysis file for project 'common'
[0m[32m[D][0m Missing analysis file for project 'exercises'
[0m[32m[D][0m Missing analysis file for project 'common-test'
[0m[32m[D][0m Missing analysis file for project 'scala-2-to-scala-3'
[0m[32m[D][0m Missing analysis file for project 'exercises-test'
[0m[32m[D][0m Waiting for a connection at local:///tmp/bsp-launcher14634837225901639266/bsp.socket...
The server is listening for incoming connections at local:///tmp/bsp-launcher14634837225901639266/bsp.socket...
Starting thread that pumps stdin and redirects it to the bsp server...
Starting thread that pumps server stdout and redirects it to the client stdout...
2020.07.14 11:30:17 INFO  tracing is disabled for protocol BSP, to enable tracing of incoming and outgoing JSON messages create an empty file at /home/renghen/.cache/metals/bsp.trace.json
2020.07.14 11:30:17 INFO  time: connected to build server in 11s
2020.07.14 11:30:17 INFO  Connected to Build server v1.4.3
2020.07.14 11:30:17 INFO  time: imported build in 0.22s
2020.07.14 11:30:48 INFO  time: indexed workspace in 31s
2020.07.14 11:34:47 INFO  compiling exercises (11 scala sources)
2020.07.14 11:34:51 INFO  time: compiled exercises in 3.49s
2020.07.14 11:50:10 INFO  shutting down Metals
No more data in the client stdin, exiting...
No more data in the server stdin, exiting...
No more data in the server stdin, exiting...
2020.07.14 11:54:17 INFO  started: Metals version 0.9.1 in workspace '/home/renghen/workspace/lunatech-course/lunatech-scala-2-to-scala3-course'
2020.07.14 11:54:18 INFO  time: initialize in 1.56s
Starting the bsp launcher for bloop...
Opening a bsp server connection with 'bsp --protocol local --socket /tmp/bsp-launcher18228609454799123487/bsp.socket'...
Waiting for the bsp connection to come up...
[0m[32m[D][0m Loading workspace settings from bloop.settings.json
[0m[32m[D][0m Waiting for a connection at local:///tmp/bsp-launcher18228609454799123487/bsp.socket...
The server is listening for incoming connections at local:///tmp/bsp-launcher18228609454799123487/bsp.socket...
Starting thread that pumps stdin and redirects it to the bsp server...
Starting thread that pumps server stdout and redirects it to the client stdout...
2020.07.14 11:54:19 INFO  tracing is disabled for protocol BSP, to enable tracing of incoming and outgoing JSON messages create an empty file at /home/renghen/.cache/metals/bsp.trace.json
2020.07.14 11:54:19 INFO  skipping build import with status 'Installed'
2020.07.14 11:54:19 INFO  time: connected to build server in 0.32s
2020.07.14 11:54:19 INFO  Connected to Build server v1.4.3
2020.07.14 11:54:21 INFO  time: indexed workspace in 2.03s
2020.07.14 11:59:46 INFO  no build target: using presentation compiler with only scala-library
2020.07.14 12:02:24 INFO  shutting down Metals
No more data in the client stdin, exiting...
No more data in the server stdin, exiting...
No more data in the server stdin, exiting...
2020.07.14 12:07:21 INFO  started: Metals version 0.9.1 in workspace '/home/renghen/workspace/lunatech-course'
2020.07.14 12:07:23 INFO  time: initialize in 1.6s
Starting the bsp launcher for bloop...
Opening a bsp server connection with 'bsp --protocol local --socket /tmp/bsp-launcher4390994992834808063/bsp.socket'...
Waiting for the bsp connection to come up...
[0m[32m[D][0m Loading workspace settings from bloop.settings.json
[0m[32m[D][0m Loading 6 projects from '/home/renghen/workspace/lunatech-course/.bloop'...
[0m[32m[D][0m Loading project from '/home/renghen/workspace/lunatech-course/.bloop/common.json'
[0m[32m[D][0m Loading project from '/home/renghen/workspace/lunatech-course/.bloop/scala-2-to-scala-3.json'
[0m[32m[D][0m Loading project from '/home/renghen/workspace/lunatech-course/.bloop/exercises-test.json'
[0m[32m[D][0m Loading project from '/home/renghen/workspace/lunatech-course/.bloop/scala-2-to-scala-3-test.json'
[0m[32m[D][0m Loading project from '/home/renghen/workspace/lunatech-course/.bloop/common-test.json'
[0m[32m[D][0m Loading project from '/home/renghen/workspace/lunatech-course/.bloop/exercises.json'
[0m[32m[D][0m Skipped configuration of SemanticDB in unsupported 0.25.0-RC2 projects
[0m[32m[D][0m Missing analysis file for project 'common'
[0m[32m[D][0m Missing analysis file for project 'scala-2-to-scala-3'
[0m[32m[D][0m Missing analysis file for project 'exercises-test'
[0m[32m[D][0m Missing analysis file for project 'common-test'
[0m[32m[D][0m Missing analysis file for project 'scala-2-to-scala-3-test'
[0m[32m[D][0m Missing analysis file for project 'exercises'
[0m[32m[D][0m Waiting for a connection at local:///tmp/bsp-launcher4390994992834808063/bsp.socket...
The server is listening for incoming connections at local:///tmp/bsp-launcher4390994992834808063/bsp.socket...
Starting thread that pumps stdin and redirects it to the bsp server...
Starting thread that pumps server stdout and redirects it to the client stdout...
2020.07.14 12:07:26 INFO  tracing is disabled for protocol BSP, to enable tracing of incoming and outgoing JSON messages create an empty file at /home/renghen/.cache/metals/bsp.trace.json
2020.07.14 12:07:26 INFO  time: connected to build server in 0.41s
2020.07.14 12:07:26 INFO  Connected to Build server v1.4.3
2020.07.14 12:07:28 INFO  time: indexed workspace in 1.58s
2020.07.14 12:11:52 INFO  no build target: using presentation compiler with only scala-library
2020.07.14 12:12:00 WARN  no build target for: /home/renghen/workspace/lunatech-course/exercises/src/main/scala/org/lunatechlabs/dotty/SudokuSolverMain.scala
Jul 14, 2020 12:16:24 PM org.eclipse.lsp4j.jsonrpc.RemoteEndpoint handleCancellation
WARNING: Unmatched cancel notification for request id 63
2020.07.14 12:16:48 WARN  no build target for: /home/renghen/workspace/lunatech-course/exercises/src/main/scala/org/lunatechlabs/dotty/sudoku/SudokuSolver.scala
2020.07.14 12:16:52 WARN  code navigation does not work for the file '/home/renghen/workspace/lunatech-course/exercises/src/main/scala/org/lunatechlabs/dotty/sudoku/SudokuSolver.scala' because it doesn't belong to a build target.
2020.07.14 12:17:36 WARN  code navigation does not work for the file '/home/renghen/workspace/lunatech-course/exercises/src/main/scala/org/lunatechlabs/dotty/sudoku/SudokuSolver.scala' because it doesn't belong to a build target.
2020.07.14 12:17:36 WARN  code navigation does not work for the file '/home/renghen/workspace/lunatech-course/exercises/src/main/scala/org/lunatechlabs/dotty/sudoku/SudokuSolver.scala' because it doesn't belong to a build target.
2020.07.14 12:17:38 WARN  code navigation does not work for the file '/home/renghen/workspace/lunatech-course/exercises/src/main/scala/org/lunatechlabs/dotty/sudoku/SudokuSolver.scala' because it doesn't belong to a build target.
2020.07.14 12:17:39 WARN  code navigation does not work for the file '/home/renghen/workspace/lunatech-course/exercises/src/main/scala/org/lunatechlabs/dotty/sudoku/SudokuSolver.scala' because it doesn't belong to a build target.
2020.07.14 12:17:39 WARN  code navigation does not work for the file '/home/renghen/workspace/lunatech-course/exercises/src/main/scala/org/lunatechlabs/dotty/sudoku/SudokuSolver.scala' because it doesn't belong to a build target.
2020.07.14 12:17:42 WARN  code navigation does not work for the file '/home/renghen/workspace/lunatech-course/exercises/src/main/scala/org/lunatechlabs/dotty/sudoku/SudokuSolver.scala' because it doesn't belong to a build target.
2020.07.14 12:17:47 WARN  code navigation does not work for the file '/home/renghen/workspace/lunatech-course/exercises/src/main/scala/org/lunatechlabs/dotty/sudoku/SudokuSolver.scala' because it doesn't belong to a build target.
2020.07.14 12:17:48 WARN  code navigation does not work for the file '/home/renghen/workspace/lunatech-course/exercises/src/main/scala/org/lunatechlabs/dotty/sudoku/SudokuSolver.scala' because it doesn't belong to a build target.
2020.07.14 12:17:48 WARN  code navigation does not work for the file '/home/renghen/workspace/lunatech-course/exercises/src/main/scala/org/lunatechlabs/dotty/sudoku/SudokuSolver.scala' because it doesn't belong to a build target.
2020.07.14 12:17:48 WARN  code navigation does not work for the file '/home/renghen/workspace/lunatech-course/exercises/src/main/scala/org/lunatechlabs/dotty/sudoku/SudokuSolver.scala' because it doesn't belong to a build target.
2020.07.14 12:17:50 WARN  code navigation does not work for the file '/home/renghen/workspace/lunatech-course/exercises/src/main/scala/org/lunatechlabs/dotty/sudoku/SudokuSolver.scala' because it doesn't belong to a build target.
2020.07.14 12:17:50 WARN  code navigation does not work for the file '/home/renghen/workspace/lunatech-course/exercises/src/main/scala/org/lunatechlabs/dotty/sudoku/SudokuSolver.scala' because it doesn't belong to a build target.
2020.07.14 12:17:50 WARN  code navigation does not work for the file '/home/renghen/workspace/lunatech-course/exercises/src/main/scala/org/lunatechlabs/dotty/sudoku/SudokuSolver.scala' because it doesn't belong to a build target.
2020.07.14 12:17:52 WARN  code navigation does not work for the file '/home/renghen/workspace/lunatech-course/exercises/src/main/scala/org/lunatechlabs/dotty/sudoku/SudokuSolver.scala' because it doesn't belong to a build target.
2020.07.14 12:17:52 WARN  code navigation does not work for the file '/home/renghen/workspace/lunatech-course/exercises/src/main/scala/org/lunatechlabs/dotty/sudoku/SudokuSolver.scala' because it doesn't belong to a build target.
2020.07.14 12:17:53 WARN  code navigation does not work for the file '/home/renghen/workspace/lunatech-course/exercises/src/main/scala/org/lunatechlabs/dotty/sudoku/SudokuSolver.scala' because it doesn't belong to a build target.
2020.07.14 12:17:53 WARN  code navigation does not work for the file '/home/renghen/workspace/lunatech-course/exercises/src/main/scala/org/lunatechlabs/dotty/sudoku/SudokuSolver.scala' because it doesn't belong to a build target.
2020.07.14 12:17:53 WARN  code navigation does not work for the file '/home/renghen/workspace/lunatech-course/exercises/src/main/scala/org/lunatechlabs/dotty/sudoku/SudokuSolver.scala' because it doesn't belong to a build target.
2020.07.14 12:33:40 INFO  shutting down Metals
No more data in the client stdin, exiting...
No more data in the server stdin, exiting...
2020.07.14 15:02:16 INFO  started: Metals version 0.9.1 in workspace '/home/renghen/workspace/lunatech-course'
2020.07.14 15:02:17 INFO  time: initialize in 1.02s
Starting the bsp launcher for bloop...
Opening a bsp server connection with 'bsp --protocol local --socket /tmp/bsp-launcher6481497590415252941/bsp.socket'...
Waiting for the bsp connection to come up...
2020.07.14 15:02:18 INFO  no build target: using presentation compiler with only scala-library
[0m[32m[D][0m Loading workspace settings from bloop.settings.json
[0m[32m[D][0m Waiting for a connection at local:///tmp/bsp-launcher6481497590415252941/bsp.socket...
The server is listening for incoming connections at local:///tmp/bsp-launcher6481497590415252941/bsp.socket...
Starting thread that pumps stdin and redirects it to the bsp server...
Starting thread that pumps server stdout and redirects it to the client stdout...
2020.07.14 15:02:18 INFO  tracing is disabled for protocol BSP, to enable tracing of incoming and outgoing JSON messages create an empty file at /home/renghen/.cache/metals/bsp.trace.json
2020.07.14 15:02:18 INFO  skipping build import with status 'Requested'
2020.07.14 15:02:18 INFO  time: connected to build server in 0.4s
2020.07.14 15:02:18 INFO  Connected to Build server v1.4.3
2020.07.14 15:02:20 INFO  time: indexed workspace in 1.83s
2020.07.14 15:02:20 WARN  no build target for: /home/renghen/workspace/lunatech-course/exercises/src/main/scala/org/lunatechlabs/dotty/sudoku/SudokuSolver.scala
2020.07.14 15:02:20 WARN  no build target for: /home/renghen/workspace/lunatech-course/exercises/src/main/scala/org/lunatechlabs/dotty/sudoku/SudokuSolver.scala
2020.07.14 15:08:05 WARN  no build target for: /home/renghen/workspace/lunatech-course/exercises/src/main/scala/org/lunatechlabs/dotty/sudoku/SudokuIO.scala
2020.07.14 15:25:36 WARN  no build target for: /home/renghen/workspace/lunatech-course/exercises/src/main/scala/org/lunatechlabs/dotty/sudoku/package.scala
2020.07.14 15:26:17 WARN  no build target for: /home/renghen/workspace/lunatech-course/exercises/src/main/scala/org/lunatechlabs/dotty/sudoku/Sudoku.scala
2020.07.14 15:26:24 WARN  no build target for: /home/renghen/workspace/lunatech-course/exercises/src/main/scala/org/lunatechlabs/dotty/sudoku/SudokuDetailProcessor.scala
2020.07.14 15:26:33 WARN  no build target for: /home/renghen/workspace/lunatech-course/exercises/src/main/scala/org/lunatechlabs/dotty/sudoku/Sudoku.scala
2020.07.14 15:26:39 WARN  no build target for: /home/renghen/workspace/lunatech-course/exercises/src/main/scala/org/lunatechlabs/dotty/sudoku/package.scala
2020.07.14 15:27:28 WARN  code navigation does not work for the file '/home/renghen/workspace/lunatech-course/exercises/src/main/scala/org/lunatechlabs/dotty/sudoku/Sudoku.scala' because it doesn't belong to a build target.
2020.07.14 15:27:28 ERROR scalafmt: /home/renghen/workspace/lunatech-course/exercises/src/main/scala/org/lunatechlabs/dotty/sudoku/Sudoku.scala:4: error: expected start of definition
  private val N = 9
          ^
2020.07.14 15:27:28 WARN  no build target for: /home/renghen/workspace/lunatech-course/exercises/src/main/scala/org/lunatechlabs/dotty/sudoku/Sudoku.scala
2020.07.14 15:27:43 ERROR scalafmt: /home/renghen/workspace/lunatech-course/exercises/src/main/scala/org/lunatechlabs/dotty/sudoku/Sudoku.scala:4: error: expected class or object definition
  val N = 9
  ^
2020.07.14 15:27:43 WARN  no build target for: /home/renghen/workspace/lunatech-course/exercises/src/main/scala/org/lunatechlabs/dotty/sudoku/Sudoku.scala
2020.07.14 15:29:19 ERROR scalafmt: /home/renghen/workspace/lunatech-course/exercises/src/main/scala/org/lunatechlabs/dotty/sudoku/Sudoku.scala:9: error: expected class or object definition
  type CellContent = Set[Int]
  ^
2020.07.14 15:29:19 WARN  no build target for: /home/renghen/workspace/lunatech-course/exercises/src/main/scala/org/lunatechlabs/dotty/sudoku/Sudoku.scala
2020.07.14 15:29:23 ERROR scalafmt: /home/renghen/workspace/lunatech-course/exercises/src/main/scala/org/lunatechlabs/dotty/sudoku/Sudoku.scala:10: error: expected class or object definition
  type CellContent = Set[Int]
  ^
2020.07.14 15:29:23 WARN  no build target for: /home/renghen/workspace/lunatech-course/exercises/src/main/scala/org/lunatechlabs/dotty/sudoku/Sudoku.scala
2020.07.14 15:29:54 WARN  no build target for: /home/renghen/workspace/lunatech-course/exercises/src/main/scala/org/lunatechlabs/dotty/sudoku/Sudoku.scala
2020.07.14 15:30:06 WARN  no build target for: /home/renghen/workspace/lunatech-course/exercises/src/main/scala/org/lunatechlabs/dotty/sudoku/Sudoku.scala
2020.07.14 15:32:00 ERROR scalafmt: /home/renghen/workspace/lunatech-course/exercises/src/main/scala/org/lunatechlabs/dotty/sudoku/Sudoku.scala:3: error: expected class or object definition
  val N = 9
  ^
2020.07.14 15:32:00 WARN  no build target for: /home/renghen/workspace/lunatech-course/exercises/src/main/scala/org/lunatechlabs/dotty/sudoku/Sudoku.scala
2020.07.14 16:07:44 WARN  no build target for: /home/renghen/workspace/lunatech-course/exercises/src/main/scala/org/lunatechlabs/dotty/sudoku/ReductionRules.scala
Jul 14, 2020 4:07:44 PM org.eclipse.lsp4j.jsonrpc.RemoteEndpoint handleCancellation
WARNING: Unmatched cancel notification for request id 643
2020.07.14 16:07:57 WARN  no build target for: /home/renghen/workspace/lunatech-course/exercises/src/main/scala/org/lunatechlabs/dotty/sudoku/ReductionRules.scala
2020.07.14 16:08:10 WARN  no build target for: /home/renghen/workspace/lunatech-course/exercises/src/main/scala/org/lunatechlabs/dotty/sudoku/ReductionRules.scala
2020.07.14 16:08:14 WARN  no build target for: /home/renghen/workspace/lunatech-course/exercises/src/main/scala/org/lunatechlabs/dotty/sudoku/ReductionRules.scala
2020.07.14 16:08:16 WARN  no build target for: /home/renghen/workspace/lunatech-course/exercises/src/main/scala/org/lunatechlabs/dotty/sudoku/ReductionRules.scala
2020.07.14 16:08:37 ERROR scalafmt: /home/renghen/workspace/lunatech-course/exercises/src/main/scala/org/lunatechlabs/dotty/sudoku/ReductionRules.scala:22: error: ; expected but => found
        (acc, (index, cell)) =>
                             ^
2020.07.14 16:08:37 WARN  no build target for: /home/renghen/workspace/lunatech-course/exercises/src/main/scala/org/lunatechlabs/dotty/sudoku/ReductionRules.scala
2020.07.14 16:08:52 ERROR scalafmt: /home/renghen/workspace/lunatech-course/exercises/src/main/scala/org/lunatechlabs/dotty/sudoku/ReductionRules.scala:22: error: ; expected but => found
        (acc, (index, cell)) =>
                             ^
2020.07.14 16:08:52 WARN  no build target for: /home/renghen/workspace/lunatech-course/exercises/src/main/scala/org/lunatechlabs/dotty/sudoku/ReductionRules.scala
2020.07.14 16:08:58 ERROR scalafmt: /home/renghen/workspace/lunatech-course/exercises/src/main/scala/org/lunatechlabs/dotty/sudoku/ReductionRules.scala:22: error: ; expected but => found
        (acc, (index, cell)) =>
                             ^
2020.07.14 16:08:58 WARN  no build target for: /home/renghen/workspace/lunatech-course/exercises/src/main/scala/org/lunatechlabs/dotty/sudoku/ReductionRules.scala
2020.07.14 16:09:12 ERROR scalafmt: /home/renghen/workspace/lunatech-course/exercises/src/main/scala/org/lunatechlabs/dotty/sudoku/ReductionRules.scala:22: error: ; expected but => found
        (acc, (index, cell)) =>
                             ^
2020.07.14 16:09:14 WARN  no build target for: /home/renghen/workspace/lunatech-course/exercises/src/main/scala/org/lunatechlabs/dotty/sudoku/ReductionRules.scala
2020.07.14 16:09:24 ERROR scalafmt: /home/renghen/workspace/lunatech-course/exercises/src/main/scala/org/lunatechlabs/dotty/sudoku/ReductionRules.scala:22: error: ; expected but => found
        (acc, (index, cell)) =>
                             ^
2020.07.14 16:09:24 WARN  no build target for: /home/renghen/workspace/lunatech-course/exercises/src/main/scala/org/lunatechlabs/dotty/sudoku/ReductionRules.scala
2020.07.14 16:09:36 ERROR scalafmt: /home/renghen/workspace/lunatech-course/exercises/src/main/scala/org/lunatechlabs/dotty/sudoku/ReductionRules.scala:22: error: ; expected but => found
        (acc, (index, cell)) =>
                             ^
2020.07.14 16:09:36 WARN  no build target for: /home/renghen/workspace/lunatech-course/exercises/src/main/scala/org/lunatechlabs/dotty/sudoku/ReductionRules.scala
2020.07.14 16:10:41 ERROR scalafmt: /home/renghen/workspace/lunatech-course/exercises/src/main/scala/org/lunatechlabs/dotty/sudoku/ReductionRules.scala:22: error: ; expected but => found
        (acc, pair(index, cell)) =>
                                 ^
2020.07.14 16:10:41 WARN  no build target for: /home/renghen/workspace/lunatech-course/exercises/src/main/scala/org/lunatechlabs/dotty/sudoku/ReductionRules.scala
2020.07.14 16:11:12 ERROR scalafmt: /home/renghen/workspace/lunatech-course/exercises/src/main/scala/org/lunatechlabs/dotty/sudoku/ReductionRules.scala:22: error: ; expected but => found
        (acc, (index, cell)) =>
                             ^
2020.07.14 16:11:12 WARN  no build target for: /home/renghen/workspace/lunatech-course/exercises/src/main/scala/org/lunatechlabs/dotty/sudoku/ReductionRules.scala
2020.07.14 16:11:16 WARN  code navigation does not work for the file '/home/renghen/workspace/lunatech-course/exercises/src/main/scala/org/lunatechlabs/dotty/sudoku/ReductionRules.scala' because it doesn't belong to a build target.
2020.07.14 16:11:18 WARN  code navigation does not work for the file '/home/renghen/workspace/lunatech-course/exercises/src/main/scala/org/lunatechlabs/dotty/sudoku/ReductionRules.scala' because it doesn't belong to a build target.
2020.07.14 16:11:18 WARN  code navigation does not work for the file '/home/renghen/workspace/lunatech-course/exercises/src/main/scala/org/lunatechlabs/dotty/sudoku/ReductionRules.scala' because it doesn't belong to a build target.
2020.07.14 16:11:26 WARN  code navigation does not work for the file '/home/renghen/workspace/lunatech-course/exercises/src/main/scala/org/lunatechlabs/dotty/sudoku/ReductionRules.scala' because it doesn't belong to a build target.
2020.07.14 16:11:26 WARN  no build target for: /home/renghen/workspace/lunatech-course/exercises/src/main/scala/org/lunatechlabs/dotty/sudoku/ReductionRules.scala
2020.07.14 16:11:39 WARN  no build target for: /home/renghen/workspace/lunatech-course/exercises/src/main/scala/org/lunatechlabs/dotty/sudoku/ReductionRules.scala
2020.07.14 16:11:51 WARN  no build target for: /home/renghen/workspace/lunatech-course/exercises/src/main/scala/org/lunatechlabs/dotty/sudoku/ReductionRules.scala
2020.07.14 16:12:03 WARN  no build target for: /home/renghen/workspace/lunatech-course/exercises/src/main/scala/org/lunatechlabs/dotty/sudoku/ReductionRules.scala
2020.07.14 16:12:16 WARN  no build target for: /home/renghen/workspace/lunatech-course/exercises/src/main/scala/org/lunatechlabs/dotty/sudoku/ReductionRules.scala
2020.07.14 16:12:22 WARN  no build target for: /home/renghen/workspace/lunatech-course/exercises/src/main/scala/org/lunatechlabs/dotty/sudoku/ReductionRules.scala
2020.07.14 16:12:41 WARN  code navigation does not work for the file '/home/renghen/workspace/lunatech-course/exercises/src/main/scala/org/lunatechlabs/dotty/sudoku/ReductionRules.scala' because it doesn't belong to a build target.
2020.07.14 16:12:53 WARN  no build target for: /home/renghen/workspace/lunatech-course/exercises/src/main/scala/org/lunatechlabs/dotty/sudoku/ReductionRules.scala
2020.07.14 16:13:04 ERROR scalafmt: /home/renghen/workspace/lunatech-course/exercises/src/main/scala/org/lunatechlabs/dotty/sudoku/ReductionRules.scala:45: error: ; expected but => found
      ((cellValue, cellIndex), acc) =>
                                    ^
2020.07.14 16:13:04 WARN  no build target for: /home/renghen/workspace/lunatech-course/exercises/src/main/scala/org/lunatechlabs/dotty/sudoku/ReductionRules.scala
2020.07.14 16:13:38 WARN  code navigation does not work for the file '/home/renghen/workspace/lunatech-course/exercises/src/main/scala/org/lunatechlabs/dotty/sudoku/ReductionRules.scala' because it doesn't belong to a build target.
2020.07.14 16:13:42 WARN  code navigation does not work for the file '/home/renghen/workspace/lunatech-course/exercises/src/main/scala/org/lunatechlabs/dotty/sudoku/ReductionRules.scala' because it doesn't belong to a build target.
2020.07.14 16:13:46 WARN  code navigation does not work for the file '/home/renghen/workspace/lunatech-course/exercises/src/main/scala/org/lunatechlabs/dotty/sudoku/ReductionRules.scala' because it doesn't belong to a build target.
2020.07.14 16:13:46 WARN  code navigation does not work for the file '/home/renghen/workspace/lunatech-course/exercises/src/main/scala/org/lunatechlabs/dotty/sudoku/ReductionRules.scala' because it doesn't belong to a build target.
2020.07.14 16:13:48 WARN  code navigation does not work for the file '/home/renghen/workspace/lunatech-course/exercises/src/main/scala/org/lunatechlabs/dotty/sudoku/ReductionRules.scala' because it doesn't belong to a build target.
2020.07.14 16:13:48 WARN  code navigation does not work for the file '/home/renghen/workspace/lunatech-course/exercises/src/main/scala/org/lunatechlabs/dotty/sudoku/ReductionRules.scala' because it doesn't belong to a build target.
2020.07.14 16:13:50 WARN  code navigation does not work for the file '/home/renghen/workspace/lunatech-course/exercises/src/main/scala/org/lunatechlabs/dotty/sudoku/ReductionRules.scala' because it doesn't belong to a build target.
2020.07.14 16:13:51 WARN  code navigation does not work for the file '/home/renghen/workspace/lunatech-course/exercises/src/main/scala/org/lunatechlabs/dotty/sudoku/ReductionRules.scala' because it doesn't belong to a build target.
2020.07.14 16:13:51 WARN  code navigation does not work for the file '/home/renghen/workspace/lunatech-course/exercises/src/main/scala/org/lunatechlabs/dotty/sudoku/ReductionRules.scala' because it doesn't belong to a build target.
2020.07.14 16:13:51 WARN  code navigation does not work for the file '/home/renghen/workspace/lunatech-course/exercises/src/main/scala/org/lunatechlabs/dotty/sudoku/ReductionRules.scala' because it doesn't belong to a build target.
2020.07.14 16:13:54 WARN  code navigation does not work for the file '/home/renghen/workspace/lunatech-course/exercises/src/main/scala/org/lunatechlabs/dotty/sudoku/ReductionRules.scala' because it doesn't belong to a build target.
2020.07.14 16:13:54 WARN  code navigation does not work for the file '/home/renghen/workspace/lunatech-course/exercises/src/main/scala/org/lunatechlabs/dotty/sudoku/ReductionRules.scala' because it doesn't belong to a build target.
2020.07.14 16:14:16 WARN  no build target for: /home/renghen/workspace/lunatech-course/exercises/src/main/scala/org/lunatechlabs/dotty/sudoku/Sudoku.scala
Jul 14, 2020 4:14:16 PM org.eclipse.lsp4j.jsonrpc.RemoteEndpoint handleCancellation
WARNING: Unmatched cancel notification for request id 1168
2020.07.14 16:14:23 WARN  code navigation does not work for the file '/home/renghen/workspace/lunatech-course/exercises/src/main/scala/org/lunatechlabs/dotty/sudoku/Sudoku.scala' because it doesn't belong to a build target.
2020.07.14 16:14:25 WARN  code navigation does not work for the file '/home/renghen/workspace/lunatech-course/exercises/src/main/scala/org/lunatechlabs/dotty/sudoku/Sudoku.scala' because it doesn't belong to a build target.
2020.07.14 16:14:26 WARN  code navigation does not work for the file '/home/renghen/workspace/lunatech-course/exercises/src/main/scala/org/lunatechlabs/dotty/sudoku/Sudoku.scala' because it doesn't belong to a build target.
2020.07.14 16:14:26 WARN  code navigation does not work for the file '/home/renghen/workspace/lunatech-course/exercises/src/main/scala/org/lunatechlabs/dotty/sudoku/Sudoku.scala' because it doesn't belong to a build target.
2020.07.14 16:15:42 ERROR scalafmt: /home/renghen/workspace/lunatech-course/exercises/src/main/scala/org/lunatechlabs/dotty/sudoku/ReductionRules.scala:22: error: ; expected but => found
        (acc, (index, cell)) =>
                             ^
2020.07.14 16:15:42 WARN  no build target for: /home/renghen/workspace/lunatech-course/exercises/src/main/scala/org/lunatechlabs/dotty/sudoku/ReductionRules.scala
2020.07.14 16:15:49 ERROR scalafmt: /home/renghen/workspace/lunatech-course/exercises/src/main/scala/org/lunatechlabs/dotty/sudoku/ReductionRules.scala:22: error: ; expected but => found
        (acc, Tuple(index, cell)) =>
                                  ^
2020.07.14 16:15:49 WARN  no build target for: /home/renghen/workspace/lunatech-course/exercises/src/main/scala/org/lunatechlabs/dotty/sudoku/ReductionRules.scala
2020.07.14 16:16:09 WARN  no build target for: /home/renghen/workspace/lunatech-course/exercises/src/main/scala/org/lunatechlabs/dotty/sudoku/ReductionRules.scala
2020.07.14 16:16:34 WARN  no build target for: /home/renghen/workspace/lunatech-course/exercises/src/main/scala/org/lunatechlabs/dotty/sudoku/ReductionRules.scala
2020.07.14 16:16:47 WARN  no build target for: /home/renghen/workspace/lunatech-course/exercises/src/main/scala/org/lunatechlabs/dotty/sudoku/ReductionRules.scala
2020.07.14 16:17:16 WARN  code navigation does not work for the file '/home/renghen/workspace/lunatech-course/exercises/src/main/scala/org/lunatechlabs/dotty/sudoku/ReductionRules.scala' because it doesn't belong to a build target.
2020.07.14 16:18:17 ERROR scalafmt: /home/renghen/workspace/lunatech-course/exercises/src/main/scala/org/lunatechlabs/dotty/sudoku/ReductionRules.scala:22: error: ; expected but => found
        (acc, (index, cell)) =>
                             ^
2020.07.14 16:18:17 WARN  no build target for: /home/renghen/workspace/lunatech-course/exercises/src/main/scala/org/lunatechlabs/dotty/sudoku/ReductionRules.scala
2020.07.14 16:18:44 WARN  no build target for: /home/renghen/workspace/lunatech-course/exercises/src/main/scala/org/lunatechlabs/dotty/sudoku/ReductionRules.scala
2020.07.14 16:19:07 WARN  no build target for: /home/renghen/workspace/lunatech-course/exercises/src/main/scala/org/lunatechlabs/dotty/sudoku/ReductionRules.scala
2020.07.14 16:20:10 WARN  no build target for: /home/renghen/workspace/lunatech-course/exercises/src/main/scala/org/lunatechlabs/dotty/sudoku/ReductionRules.scala
2020.07.14 16:20:13 WARN  no build target for: /home/renghen/workspace/lunatech-course/exercises/src/main/scala/org/lunatechlabs/dotty/sudoku/ReductionRules.scala
2020.07.14 16:20:34 ERROR scalafmt: /home/renghen/workspace/lunatech-course/exercises/src/main/scala/org/lunatechlabs/dotty/sudoku/ReductionRules.scala:22: error: ; expected but => found
        (acc, (index, cell)) =>
                             ^
2020.07.14 16:20:34 WARN  no build target for: /home/renghen/workspace/lunatech-course/exercises/src/main/scala/org/lunatechlabs/dotty/sudoku/ReductionRules.scala
2020.07.14 16:20:53 ERROR scalafmt: /home/renghen/workspace/lunatech-course/exercises/src/main/scala/org/lunatechlabs/dotty/sudoku/ReductionRules.scala:22: error: illegal start of simple expression
        (acc, case (index, cell)) =>
              ^
2020.07.14 16:20:53 WARN  no build target for: /home/renghen/workspace/lunatech-course/exercises/src/main/scala/org/lunatechlabs/dotty/sudoku/ReductionRules.scala
Jul 14, 2020 4:20:59 PM org.eclipse.lsp4j.jsonrpc.RemoteEndpoint handleCancellation
WARNING: Unmatched cancel notification for request id 1667
2020.07.14 16:21:11 WARN  no build target for: /home/renghen/workspace/lunatech-course/exercises/src/main/scala/org/lunatechlabs/dotty/sudoku/ReductionRules.scala
2020.07.14 16:21:36 WARN  no build target for: /home/renghen/workspace/lunatech-course/exercises/src/main/scala/org/lunatechlabs/dotty/sudoku/ReductionRules.scala
2020.07.14 16:21:50 WARN  no build target for: /home/renghen/workspace/lunatech-course/exercises/src/main/scala/org/lunatechlabs/dotty/sudoku/SudokuProblemSender.scala
2020.07.14 16:22:34 WARN  no build target for: /home/renghen/workspace/lunatech-course/exercises/src/main/scala/org/lunatechlabs/dotty/sudoku/SudokuProblemSender.scala
2020.07.14 16:22:45 WARN  code navigation does not work for the file '/home/renghen/workspace/lunatech-course/exercises/src/main/scala/org/lunatechlabs/dotty/sudoku/SudokuProblemSender.scala' because it doesn't belong to a build target.
2020.07.14 16:22:45 WARN  no build target for: /home/renghen/workspace/lunatech-course/exercises/src/main/scala/org/lunatechlabs/dotty/sudoku/SudokuProblemSender.scala
2020.07.14 16:23:01 WARN  no build target for: /home/renghen/workspace/lunatech-course/exercises/src/main/scala/org/lunatechlabs/dotty/sudoku/SudokuProgressTracker.scala
2020.07.14 16:23:17 WARN  no build target for: /home/renghen/workspace/lunatech-course/exercises/src/main/scala/org/lunatechlabs/dotty/sudoku/SudokuProgressTracker.scala
2020.07.14 16:23:31 ERROR scalafmt: /home/renghen/workspace/lunatech-course/exercises/src/main/scala/org/lunatechlabs/dotty/sudoku/SudokuProgressTracker.scala:59: error: ; expected but => found
            .sortBy { SudokuDetailState(idx, _) => idx }
                                                ^
2020.07.14 16:23:31 WARN  no build target for: /home/renghen/workspace/lunatech-course/exercises/src/main/scala/org/lunatechlabs/dotty/sudoku/SudokuProgressTracker.scala
2020.07.14 16:23:42 WARN  code navigation does not work for the file '/home/renghen/workspace/lunatech-course/exercises/src/main/scala/org/lunatechlabs/dotty/sudoku/SudokuProgressTracker.scala' because it doesn't belong to a build target.
2020.07.14 16:23:44 WARN  no build target for: /home/renghen/workspace/lunatech-course/exercises/src/main/scala/org/lunatechlabs/dotty/sudoku/SudokuProgressTracker.scala
2020.07.14 16:24:29 WARN  code navigation does not work for the file '/home/renghen/workspace/lunatech-course/exercises/src/main/scala/org/lunatechlabs/dotty/sudoku/SudokuProgressTracker.scala' because it doesn't belong to a build target.
2020.07.14 16:24:38 ERROR scalafmt: /home/renghen/workspace/lunatech-course/exercises/src/main/scala/org/lunatechlabs/dotty/sudoku/SudokuProgressTracker.scala:61: error: ; expected but => found
              SudokuDetailState(_, state) => state
                                          ^
2020.07.14 16:24:38 WARN  no build target for: /home/renghen/workspace/lunatech-course/exercises/src/main/scala/org/lunatechlabs/dotty/sudoku/SudokuProgressTracker.scala
2020.07.14 16:24:53 WARN  code navigation does not work for the file '/home/renghen/workspace/lunatech-course/exercises/src/main/scala/org/lunatechlabs/dotty/sudoku/SudokuProgressTracker.scala' because it doesn't belong to a build target.
2020.07.14 16:24:54 WARN  no build target for: /home/renghen/workspace/lunatech-course/exercises/src/main/scala/org/lunatechlabs/dotty/sudoku/SudokuProgressTracker.scala
2020.07.14 16:25:08 WARN  no build target for: /home/renghen/workspace/lunatech-course/exercises/src/main/scala/org/lunatechlabs/dotty/sudoku/SudokuSolver.scala
Jul 14, 2020 4:25:09 PM org.eclipse.lsp4j.jsonrpc.RemoteEndpoint handleCancellation
WARNING: Unmatched cancel notification for request id 1986
2020.07.14 16:25:48 WARN  no build target for: /home/renghen/workspace/lunatech-course/exercises/src/main/scala/org/lunatechlabs/dotty/sudoku/SudokuSolver.scala
2020.07.14 16:26:06 WARN  no build target for: /home/renghen/workspace/lunatech-course/exercises/src/main/scala/org/lunatechlabs/dotty/sudoku/SudokuSolver.scala
2020.07.14 16:26:14 WARN  no build target for: /home/renghen/workspace/lunatech-course/exercises/src/main/scala/org/lunatechlabs/dotty/sudoku/SudokuSolver.scala
2020.07.14 16:26:59 WARN  no build target for: /home/renghen/workspace/lunatech-course/exercises/src/main/scala/org/lunatechlabs/dotty/sudoku/SudokuSolver.scala
2020.07.14 16:27:17 WARN  no build target for: /home/renghen/workspace/lunatech-course/exercises/src/main/scala/org/lunatechlabs/dotty/sudoku/Sudoku.scala
2020.07.14 16:28:00 ERROR scalafmt: /home/renghen/workspace/lunatech-course/exercises/src/main/scala/org/lunatechlabs/dotty/sudoku/Sudoku.scala:3: error: expected class or object definition
  val N = 9
  ^
2020.07.14 16:28:00 WARN  no build target for: /home/renghen/workspace/lunatech-course/exercises/src/main/scala/org/lunatechlabs/dotty/sudoku/Sudoku.scala
2020.07.14 16:28:20 ERROR scalafmt: /home/renghen/workspace/lunatech-course/exercises/src/main/scala/org/lunatechlabs/dotty/sudoku/Sudoku.scala:3: error: expected class or object definition
  val N = 9
  ^
2020.07.14 16:28:20 WARN  no build target for: /home/renghen/workspace/lunatech-course/exercises/src/main/scala/org/lunatechlabs/dotty/sudoku/Sudoku.scala
